BEGIN;
BEGIN
EXPLAIN (ANALYZE, BUFFERS)
select
	s_name,
	s_address
from
	supplier,
	nation
where
	s_suppkey in (
		select
			distinct (ps_suppkey)
		from
			partsupp,
			part
		where
			ps_partkey=p_partkey
			and p_name like 'goldenrod%'
			and ps_availqty > (
				select
					0.5 * sum(l_quantity)
				from
					lineitem
				where
					l_partkey = ps_partkey
					and l_suppkey = ps_suppkey
					and l_shipdate >= '1994-01-01'
					and l_shipdate < cast(date '1994-01-01' + interval '1 year' as date)
			)
	)
	and s_nationkey = n_nationkey
	and n_name = 'PERU'
order by
	s_name;
                                                                                                  QUERY PLAN                                                                                                   
---------------------------------------------------------------------------------------------------------------------------------------------------------------------------------------------------------------
 Sort  (cost=12740736.73..12740739.65 rows=1168 width=51) (actual time=9025.974..9026.069 rows=1758 loops=1)
   Sort Key: supplier.s_name
   Sort Method: quicksort  Memory: 252kB
   Buffers: shared hit=2694513 read=395135 written=67736
   ->  Nested Loop  (cost=12736272.49..12740677.22 rows=1168 width=51) (actual time=8923.361..9005.444 rows=1758 loops=1)
         Join Filter: (supplier.s_nationkey = nation.n_nationkey)
         Rows Removed by Join Filter: 42879
         Buffers: shared hit=2694508 read=395135 written=67736
         ->  Seq Scan on nation  (cost=0.00..1.31 rows=1 width=4) (actual time=0.015..0.028 rows=1 loops=1)
               Filter: (n_name = 'PERU'::bpchar)
               Rows Removed by Filter: 24
               Buffers: shared hit=1
         ->  Hash Semi Join  (cost=12736272.49..12740310.92 rows=29199 width=55) (actual time=8923.336..9000.225 rows=44637 loops=1)
               Hash Cond: (supplier.s_suppkey = partsupp.ps_suppkey)
               Buffers: shared hit=2694507 read=395135 written=67736
               ->  Seq Scan on supplier  (cost=0.00..3179.00 rows=100000 width=59) (actual time=0.007..28.995 rows=100000 loops=1)
                     Buffers: shared hit=2179
               ->  Hash  (cost=12735907.50..12735907.50 rows=29199 width=4) (actual time=8923.280..8923.280 rows=44637 loops=1)
                     Buckets: 4096  Batches: 1  Memory Usage: 1570kB
                     Buffers: shared hit=2692328 read=395135 written=67736
                     ->  HashAggregate  (cost=12735323.52..12735615.51 rows=29199 width=4) (actual time=8892.786..8912.271 rows=44637 loops=1)
                           Buffers: shared hit=2692328 read=395135 written=67736
                           ->  Nested Loop  (cost=0.00..12735250.53 rows=29199 width=4) (actual time=0.567..8829.266 rows=58959 loops=1)
                                 Buffers: shared hit=2692328 read=395135 written=67736
                                 ->  Seq Scan on part  (cost=0.00..65522.00 rows=22022 width=4) (actual time=0.009..633.910 rows=21656 loops=1)
                                       Filter: ((p_name)::text ~~ 'goldenrod%'::text)
                                       Rows Removed by Filter: 1978344
                                       Buffers: shared hit=40522
                                 ->  Index Scan using pk_partsupp on partsupp  (cost=0.00..575.31 rows=1 width=8) (actual time=0.328..0.377 rows=3 loops=21656)
                                       Index Cond: (ps_partkey = part.p_partkey)
                                       Filter: ((ps_availqty)::double precision > (SubPlan 1))
                                       Rows Removed by Filter: 1
                                       Buffers: shared hit=2651806 read=395135 written=67736
                                       SubPlan 1
                                         ->  Aggregate  (cost=140.92..140.94 rows=1 width=4) (actual time=0.089..0.089 rows=1 loops=86624)
                                               Buffers: shared hit=2562297 read=395128 written=67735
                                               ->  Index Scan using lineitem_l_partkey_l_quantity_l_shipmode_idx on lineitem  (cost=0.00..140.92 rows=1 width=4) (actual time=0.057..0.088 rows=1 loops=86624)
                                                     Index Cond: (l_partkey = partsupp.ps_partkey)
                                                     Filter: ((l_shipdate >= '1994-01-01'::date) AND (l_shipdate < '1995-01-01'::date) AND (l_suppkey = partsupp.ps_suppkey))
                                                     Rows Removed by Filter: 29
                                                     Buffers: shared hit=2562297 read=395128 written=67735
 Total runtime: 9027.774 ms
(42 rows)

COMMIT;
COMMIT
