BEGIN;
BEGIN
EXPLAIN (ANALYZE, BUFFERS)
select
	supp_nation,
	cust_nation,
	l_year,
	sum(volume) as revenue
from
	(
		select
			n1.n_name as supp_nation,
			n2.n_name as cust_nation,
			extract(year from l_shipdate) as l_year,
			l_extendedprice * (1 - l_discount) as volume
		from
			supplier,
			lineitem,
			orders,
			customer,
			nation n1,
			nation n2
		where
			s_suppkey = l_suppkey
			and o_orderkey = l_orderkey
			and c_custkey = o_custkey
			and s_nationkey = n1.n_nationkey
			and c_nationkey = n2.n_nationkey
			and (
				(n1.n_name = 'IRAN' and n2.n_name = 'UNITED KINGDOM')
				or (n1.n_name = 'UNITED KINGDOM' and n2.n_name = 'IRAN')
			)
			and l_shipdate between date '1995-01-01' and date '1996-12-31'
	) as shipping
group by
	supp_nation,
	cust_nation,
	l_year
order by
	supp_nation,
	cust_nation,
	l_year;
                                                                                                       QUERY PLAN                                                                                                        
-------------------------------------------------------------------------------------------------------------------------------------------------------------------------------------------------------------------------
 GroupAggregate  (cost=2354182.07..2356081.21 rows=58435 width=64) (actual time=55674.978..55696.525 rows=4 loops=1)
   Buffers: shared hit=339126 read=1087848
   ->  Sort  (cost=2354182.07..2354328.16 rows=58435 width=64) (actual time=55667.602..55671.069 rows=58173 loops=1)
         Sort Key: n1.n_name, n2.n_name, (date_part('year'::text, (lineitem.l_shipdate)::timestamp without time zone))
         Sort Method: quicksort  Memory: 9717kB
         Buffers: shared hit=339126 read=1087848
         ->  Hash Join  (cost=895296.63..2349555.61 rows=58435 width=64) (actual time=23095.398..55411.405 rows=58173 loops=1)
               Hash Cond: ((lineitem.l_suppkey = supplier.s_suppkey) AND (n1.n_nationkey = supplier.s_nationkey))
               Buffers: shared hit=339118 read=1087848
               ->  Hash Join  (cost=890617.63..2314751.25 rows=1462442 width=72) (actual time=23033.275..52961.431 rows=1455547 loops=1)
                     Hash Cond: (lineitem.l_orderkey = orders.o_orderkey)
                     Buffers: shared hit=336936 read=1087848
                     ->  Bitmap Heap Scan on lineitem  (cost=387996.19..1728898.54 rows=18295157 width=20) (actual time=11130.643..24114.603 rows=18248249 loops=1)
                           Recheck Cond: ((l_shipdate >= '1995-01-01'::date) AND (l_shipdate <= '1996-12-31'::date))
                           Buffers: shared hit=25208 read=1087503
                           ->  Bitmap Index Scan on lineitem_l_shipdate_l_suppkey__idx  (cost=0.00..383422.40 rows=18295157 width=0) (actual time=10503.481..10503.481 rows=18248249 loops=1)
                                 Index Cond: ((l_shipdate >= '1995-01-01'::date) AND (l_shipdate <= '1996-12-31'::date))
                                 Buffers: shared read=49815
                     ->  Hash  (cost=487618.47..487618.47 rows=1200238 width=60) (actual time=11901.301..11901.301 rows=1201455 loops=1)
                           Buckets: 131072  Batches: 1  Memory Usage: 107944kB
                           Buffers: shared hit=311728 read=345
                           ->  Hash Join  (cost=15638.06..487618.47 rows=1200238 width=60) (actual time=328.346..11289.259 rows=1201455 loops=1)
                                 Hash Cond: (orders.o_custkey = customer.c_custkey)
                                 Buffers: shared hit=311728 read=345
                                 ->  Seq Scan on orders  (cost=0.00..403671.84 rows=15014984 width=8) (actual time=0.020..3247.727 rows=15015000 loops=1)
                                       Buffers: shared hit=253510 read=12
                                 ->  Hash  (cost=14139.26..14139.26 rows=119904 width=60) (actual time=328.154..328.154 rows=120482 loops=1)
                                       Buckets: 16384  Batches: 1  Memory Usage: 10825kB
                                       Buffers: shared hit=58218 read=333
                                       ->  Nested Loop  (cost=905.09..14139.26 rows=119904 width=60) (actual time=18.023..285.486 rows=120482 loops=1)
                                             Buffers: shared hit=58218 read=333
                                             ->  Nested Loop  (cost=0.00..28.00 rows=2 width=60) (actual time=0.161..0.319 rows=2 loops=1)
                                                   Join Filter: (((n1.n_name = 'IRAN'::bpchar) AND (n2.n_name = 'UNITED KINGDOM'::bpchar)) OR ((n1.n_name = 'UNITED KINGDOM'::bpchar) AND (n2.n_name = 'IRAN'::bpchar)))
                                                   Rows Removed by Join Filter: 623
                                                   Buffers: shared hit=3
                                                   ->  Index Scan using pk_nation on nation n1  (cost=0.00..12.63 rows=25 width=30) (actual time=0.017..0.036 rows=25 loops=1)
                                                         Buffers: shared hit=2
                                                   ->  Materialize  (cost=0.00..1.38 rows=25 width=30) (actual time=0.001..0.003 rows=25 loops=25)
                                                         Buffers: shared hit=1
                                                         ->  Seq Scan on nation n2  (cost=0.00..1.25 rows=25 width=30) (actual time=0.005..0.006 rows=25 loops=1)
                                                               Buffers: shared hit=1
                                             ->  Bitmap Heap Scan on customer  (cost=905.09..6455.63 rows=60000 width=8) (actual time=17.399..132.029 rows=60241 loops=2)
                                                   Recheck Cond: (c_nationkey = n2.n_nationkey)
                                                   Buffers: shared hit=58215 read=333
                                                   ->  Bitmap Index Scan on customer_c_nationkey_c_custkey_idx  (cost=0.00..890.09 rows=60000 width=0) (actual time=11.689..11.689 rows=60241 loops=2)
                                                         Index Cond: (c_nationkey = n2.n_nationkey)
                                                         Buffers: shared hit=5 read=332
               ->  Hash  (cost=3179.00..3179.00 rows=100000 width=8) (actual time=61.511..61.511 rows=100000 loops=1)
                     Buckets: 16384  Batches: 1  Memory Usage: 3907kB
                     Buffers: shared hit=2179
                     ->  Seq Scan on supplier  (cost=0.00..3179.00 rows=100000 width=8) (actual time=0.010..35.712 rows=100000 loops=1)
                           Buffers: shared hit=2179
 Total runtime: 55712.238 ms
(53 rows)

COMMIT;
COMMIT
