BEGIN;
BEGIN
EXPLAIN (ANALYZE, BUFFERS)
select
	s_name,
	s_address
from
	supplier,
	nation
where
	s_suppkey in (
		select
			distinct (ps_suppkey)
		from
			partsupp,
			part
		where
			ps_partkey=p_partkey
			and p_name like 'turquoise%'
			and ps_availqty > (
				select
					0.5 * sum(l_quantity)
				from
					lineitem
				where
					l_partkey = ps_partkey
					and l_suppkey = ps_suppkey
					and l_shipdate >= '1997-01-01'
					and l_shipdate < cast(date '1997-01-01' + interval '1 year' as date)
			)
	)
	and s_nationkey = n_nationkey
	and n_name = 'EGYPT'
order by
	s_name;
                                                                                                  QUERY PLAN                                                                                                   
---------------------------------------------------------------------------------------------------------------------------------------------------------------------------------------------------------------
 Sort  (cost=12740736.73..12740739.65 rows=1168 width=51) (actual time=11031.402..11031.569 rows=1822 loops=1)
   Sort Key: supplier.s_name
   Sort Method: quicksort  Memory: 260kB
   Buffers: shared hit=2764902 read=354643 dirtied=1110 written=644
   ->  Nested Loop  (cost=12736272.49..12740677.22 rows=1168 width=51) (actual time=10837.206..11011.995 rows=1822 loops=1)
         Join Filter: (supplier.s_nationkey = nation.n_nationkey)
         Rows Removed by Join Filter: 43001
         Buffers: shared hit=2764897 read=354643 dirtied=1110 written=644
         ->  Seq Scan on nation  (cost=0.00..1.31 rows=1 width=4) (actual time=0.009..0.018 rows=1 loops=1)
               Filter: (n_name = 'EGYPT'::bpchar)
               Rows Removed by Filter: 24
               Buffers: shared hit=1
         ->  Hash Semi Join  (cost=12736272.49..12740310.92 rows=29199 width=55) (actual time=10837.125..11004.793 rows=44823 loops=1)
               Hash Cond: (supplier.s_suppkey = partsupp.ps_suppkey)
               Buffers: shared hit=2764896 read=354643 dirtied=1110 written=644
               ->  Seq Scan on supplier  (cost=0.00..3179.00 rows=100000 width=59) (actual time=0.051..59.479 rows=100000 loops=1)
                     Buffers: shared hit=1 read=2178
               ->  Hash  (cost=12735907.50..12735907.50 rows=29199 width=4) (actual time=10837.022..10837.022 rows=44823 loops=1)
                     Buckets: 4096  Batches: 1  Memory Usage: 1576kB
                     Buffers: shared hit=2764895 read=352465 dirtied=1110 written=644
                     ->  HashAggregate  (cost=12735323.52..12735615.51 rows=29199 width=4) (actual time=10793.413..10821.448 rows=44823 loops=1)
                           Buffers: shared hit=2764895 read=352465 dirtied=1110 written=644
                           ->  Nested Loop  (cost=0.00..12735250.53 rows=29199 width=4) (actual time=0.885..10696.050 rows=59371 loops=1)
                                 Buffers: shared hit=2764895 read=352465 dirtied=1110 written=644
                                 ->  Seq Scan on part  (cost=0.00..65522.00 rows=22022 width=4) (actual time=0.006..969.283 rows=21791 loops=1)
                                       Filter: ((p_name)::text ~~ 'turquoise%'::text)
                                       Rows Removed by Filter: 1978209
                                       Buffers: shared hit=2 read=40520 written=67
                                 ->  Index Scan using pk_partsupp on partsupp  (cost=0.00..575.31 rows=1 width=8) (actual time=0.358..0.444 rows=3 loops=21791)
                                       Index Cond: (ps_partkey = part.p_partkey)
                                       Filter: ((ps_availqty)::double precision > (SubPlan 1))
                                       Rows Removed by Filter: 1
                                       Buffers: shared hit=2764893 read=311945 dirtied=1110 written=577
                                       SubPlan 1
                                         ->  Aggregate  (cost=140.92..140.94 rows=1 width=4) (actual time=0.102..0.102 rows=1 loops=87164)
                                               Buffers: shared hit=2701446 read=285262 dirtied=1110 written=515
                                               ->  Index Scan using lineitem_l_partkey_l_quantity_l_shipmode_idx on lineitem  (cost=0.00..140.92 rows=1 width=4) (actual time=0.063..0.101 rows=1 loops=87164)
                                                     Index Cond: (l_partkey = partsupp.ps_partkey)
                                                     Filter: ((l_shipdate >= '1997-01-01'::date) AND (l_shipdate < '1998-01-01'::date) AND (l_suppkey = partsupp.ps_suppkey))
                                                     Rows Removed by Filter: 29
                                                     Buffers: shared hit=2701446 read=285262 dirtied=1110 written=515
 Total runtime: 11033.776 ms
(42 rows)

COMMIT;
COMMIT
