BEGIN;
BEGIN
EXPLAIN (ANALYZE, BUFFERS)
select
	s_name,
	s_address
from
	supplier,
	nation
where
	s_suppkey in (
		select
			distinct (ps_suppkey)
		from
			partsupp,
			part
		where
			ps_partkey=p_partkey
			and p_name like 'navajo%'
			and ps_availqty > (
				select
					0.5 * sum(l_quantity)
				from
					lineitem
				where
					l_partkey = ps_partkey
					and l_suppkey = ps_suppkey
					and l_shipdate >= '1995-01-01'
					and l_shipdate < cast(date '1995-01-01' + interval '1 year' as date)
			)
	)
	and s_nationkey = n_nationkey
	and n_name = 'IRAQ'
order by
	s_name;
                                                                                                  QUERY PLAN                                                                                                   
---------------------------------------------------------------------------------------------------------------------------------------------------------------------------------------------------------------
 Sort  (cost=12740736.73..12740739.65 rows=1168 width=51) (actual time=13646.422..13646.534 rows=1836 loops=1)
   Sort Key: supplier.s_name
   Sort Method: quicksort  Memory: 260kB
   Buffers: shared hit=2734927 read=429932 dirtied=4390 written=46664
   ->  Nested Loop  (cost=12736272.49..12740677.22 rows=1168 width=51) (actual time=13527.415..13636.846 rows=1836 loops=1)
         Join Filter: (supplier.s_nationkey = nation.n_nationkey)
         Rows Removed by Join Filter: 43410
         Buffers: shared hit=2734922 read=429932 dirtied=4390 written=46664
         ->  Seq Scan on nation  (cost=0.00..1.31 rows=1 width=4) (actual time=0.010..0.017 rows=1 loops=1)
               Filter: (n_name = 'IRAQ'::bpchar)
               Rows Removed by Filter: 24
               Buffers: shared hit=1
         ->  Hash Semi Join  (cost=12736272.49..12740310.92 rows=29199 width=55) (actual time=13527.387..13631.985 rows=45246 loops=1)
               Hash Cond: (supplier.s_suppkey = partsupp.ps_suppkey)
               Buffers: shared hit=2734921 read=429932 dirtied=4390 written=46664
               ->  Seq Scan on supplier  (cost=0.00..3179.00 rows=100000 width=59) (actual time=0.017..28.071 rows=100000 loops=1)
                     Buffers: shared hit=2179
               ->  Hash  (cost=12735907.50..12735907.50 rows=29199 width=4) (actual time=13527.333..13527.333 rows=45246 loops=1)
                     Buckets: 4096  Batches: 1  Memory Usage: 1591kB
                     Buffers: shared hit=2732742 read=429932 dirtied=4390 written=46664
                     ->  HashAggregate  (cost=12735323.52..12735615.51 rows=29199 width=4) (actual time=13491.810..13514.969 rows=45246 loops=1)
                           Buffers: shared hit=2732742 read=429932 dirtied=4390 written=46664
                           ->  Nested Loop  (cost=0.00..12735250.53 rows=29199 width=4) (actual time=0.837..13386.015 rows=60090 loops=1)
                                 Buffers: shared hit=2732742 read=429932 dirtied=4390 written=46664
                                 ->  Seq Scan on part  (cost=0.00..65522.00 rows=22022 width=4) (actual time=0.007..1136.674 rows=22047 loops=1)
                                       Filter: ((p_name)::text ~~ 'navajo%'::text)
                                       Rows Removed by Filter: 1977953
                                       Buffers: shared hit=1 read=40521 written=4106
                                 ->  Index Scan using pk_partsupp on partsupp  (cost=0.00..575.31 rows=1 width=8) (actual time=0.451..0.553 rows=3 loops=22047)
                                       Index Cond: (ps_partkey = part.p_partkey)
                                       Filter: ((ps_availqty)::double precision > (SubPlan 1))
                                       Rows Removed by Filter: 1
                                       Buffers: shared hit=2732741 read=389411 dirtied=4390 written=42558
                                       SubPlan 1
                                         ->  Aggregate  (cost=140.92..140.94 rows=1 width=4) (actual time=0.129..0.129 rows=1 loops=88188)
                                               Buffers: shared hit=2658943 read=372085 dirtied=4390 written=41340
                                               ->  Index Scan using lineitem_l_partkey_l_quantity_l_shipmode_idx on lineitem  (cost=0.00..140.92 rows=1 width=4) (actual time=0.080..0.127 rows=1 loops=88188)
                                                     Index Cond: (l_partkey = partsupp.ps_partkey)
                                                     Filter: ((l_shipdate >= '1995-01-01'::date) AND (l_shipdate < '1996-01-01'::date) AND (l_suppkey = partsupp.ps_suppkey))
                                                     Rows Removed by Filter: 29
                                                     Buffers: shared hit=2658943 read=372085 dirtied=4390 written=41340
 Total runtime: 13647.875 ms
(42 rows)

COMMIT;
COMMIT
