BEGIN;
BEGIN
EXPLAIN (ANALYZE, BUFFERS)
select
	s_name,
	s_address
from
	supplier,
	nation
where
	s_suppkey in (
		select
			distinct (ps_suppkey)
		from
			partsupp,
			part
		where
			ps_partkey=p_partkey
			and p_name like 'brown%'
			and ps_availqty > (
				select
					0.5 * sum(l_quantity)
				from
					lineitem
				where
					l_partkey = ps_partkey
					and l_suppkey = ps_suppkey
					and l_shipdate >= '1995-01-01'
					and l_shipdate < cast(date '1995-01-01' + interval '1 year' as date)
			)
	)
	and s_nationkey = n_nationkey
	and n_name = 'UNITED STATES'
order by
	s_name;
                                                                                                  QUERY PLAN                                                                                                   
---------------------------------------------------------------------------------------------------------------------------------------------------------------------------------------------------------------
 Sort  (cost=12740736.73..12740739.65 rows=1168 width=51) (actual time=11088.010..11088.136 rows=1783 loops=1)
   Sort Key: supplier.s_name
   Sort Method: quicksort  Memory: 258kB
   Buffers: shared hit=2741118 read=343650 dirtied=769 written=306
   ->  Nested Loop  (cost=12736272.49..12740677.22 rows=1168 width=51) (actual time=10977.755..11077.849 rows=1783 loops=1)
         Join Filter: (supplier.s_nationkey = nation.n_nationkey)
         Rows Removed by Join Filter: 42614
         Buffers: shared hit=2741113 read=343650 dirtied=769 written=306
         ->  Seq Scan on nation  (cost=0.00..1.31 rows=1 width=4) (actual time=0.021..0.022 rows=1 loops=1)
               Filter: (n_name = 'UNITED STATES'::bpchar)
               Rows Removed by Filter: 24
               Buffers: shared hit=1
         ->  Hash Semi Join  (cost=12736272.49..12740310.92 rows=29199 width=55) (actual time=10977.707..11073.209 rows=44397 loops=1)
               Hash Cond: (supplier.s_suppkey = partsupp.ps_suppkey)
               Buffers: shared hit=2741112 read=343650 dirtied=769 written=306
               ->  Seq Scan on supplier  (cost=0.00..3179.00 rows=100000 width=59) (actual time=0.024..30.094 rows=100000 loops=1)
                     Buffers: shared hit=1944 read=235
               ->  Hash  (cost=12735907.50..12735907.50 rows=29199 width=4) (actual time=10977.640..10977.640 rows=44397 loops=1)
                     Buckets: 4096  Batches: 1  Memory Usage: 1561kB
                     Buffers: shared hit=2739168 read=343415 dirtied=769 written=306
                     ->  HashAggregate  (cost=12735323.52..12735615.51 rows=29199 width=4) (actual time=10947.196..10968.504 rows=44397 loops=1)
                           Buffers: shared hit=2739168 read=343415 dirtied=769 written=306
                           ->  Nested Loop  (cost=0.00..12735250.53 rows=29199 width=4) (actual time=1.448..10852.780 rows=58498 loops=1)
                                 Buffers: shared hit=2739168 read=343415 dirtied=769 written=306
                                 ->  Seq Scan on part  (cost=0.00..65522.00 rows=22022 width=4) (actual time=0.203..992.997 rows=21561 loops=1)
                                       Filter: ((p_name)::text ~~ 'brown%'::text)
                                       Rows Removed by Filter: 1978439
                                       Buffers: shared hit=55 read=40467 written=30
                                 ->  Index Scan using pk_partsupp on partsupp  (cost=0.00..575.31 rows=1 width=8) (actual time=0.368..0.455 rows=3 loops=21561)
                                       Index Cond: (ps_partkey = part.p_partkey)
                                       Filter: ((ps_availqty)::double precision > (SubPlan 1))
                                       Rows Removed by Filter: 1
                                       Buffers: shared hit=2739113 read=302948 dirtied=769 written=276
                                       SubPlan 1
                                         ->  Aggregate  (cost=140.92..140.94 rows=1 width=4) (actual time=0.105..0.105 rows=1 loops=86244)
                                               Buffers: shared hit=2678543 read=274363 dirtied=769 written=264
                                               ->  Index Scan using lineitem_l_partkey_l_quantity_l_shipmode_idx on lineitem  (cost=0.00..140.92 rows=1 width=4) (actual time=0.065..0.103 rows=1 loops=86244)
                                                     Index Cond: (l_partkey = partsupp.ps_partkey)
                                                     Filter: ((l_shipdate >= '1995-01-01'::date) AND (l_shipdate < '1996-01-01'::date) AND (l_suppkey = partsupp.ps_suppkey))
                                                     Rows Removed by Filter: 29
                                                     Buffers: shared hit=2678543 read=274363 dirtied=769 written=264
 Total runtime: 11089.811 ms
(42 rows)

COMMIT;
COMMIT
