BEGIN;
BEGIN
EXPLAIN (ANALYZE, BUFFERS)
select
	c_custkey,
	c_name,
	sum(l_extendedprice * (1 - l_discount)) as revenue,
	c_acctbal,
	n_name,
	c_address,
	c_phone,
	c_comment
from
	customer,
	orders,
	lineitem,
	nation
where
	c_custkey = o_custkey
	and l_orderkey = o_orderkey
	and o_orderdate >= date '1993-06-01'
	and o_orderdate < cast(date '1993-06-01' + interval '3 month' as date)
	and l_returnflag = 'R'
	and c_nationkey = n_nationkey
group by
	c_custkey,
	c_name,
	c_acctbal,
	c_phone,
	n_name,
	c_address,
	c_comment
order by
	revenue desc
LIMIT 20;
                                                                                                QUERY PLAN                                                                                                 
-----------------------------------------------------------------------------------------------------------------------------------------------------------------------------------------------------------
 Limit  (cost=1198756.08..1198756.13 rows=20 width=175) (actual time=35376.150..35376.159 rows=20 loops=1)
   Buffers: shared hit=494719 read=938448 dirtied=223 written=61
   ->  Sort  (cost=1198756.08..1200201.49 rows=578165 width=175) (actual time=35376.144..35376.150 rows=20 loops=1)
         Sort Key: (sum((lineitem.l_extendedprice * (1::double precision - lineitem.l_discount))))
         Sort Method: top-N heapsort  Memory: 30kB
         Buffers: shared hit=494719 read=938448 dirtied=223 written=61
         ->  HashAggregate  (cost=1177589.66..1183371.31 rows=578165 width=175) (actual time=34860.060..35223.582 rows=381603 loops=1)
               Buffers: shared hit=494716 read=938448 dirtied=223 written=61
               ->  Hash Join  (cost=403073.31..1163135.54 rows=578165 width=175) (actual time=5998.174..30720.029 rows=1147927 loops=1)
                     Hash Cond: (customer.c_nationkey = nation.n_nationkey)
                     Buffers: shared hit=494716 read=938448 dirtied=223 written=61
                     ->  Hash Join  (cost=403071.74..1155184.21 rows=578165 width=153) (actual time=5998.121..30115.562 rows=1147927 loops=1)
                           Hash Cond: (orders.o_custkey = customer.c_custkey)
                           Buffers: shared hit=494715 read=938448 dirtied=223 written=61
                           ->  Merge Join  (cost=334043.74..1074592.91 rows=578165 width=12) (actual time=2896.807..24370.086 rows=1147927 loops=1)
                                 Merge Cond: (orders.o_orderkey = lineitem.l_orderkey)
                                 Buffers: shared hit=494713 read=903172 dirtied=223 written=61
                                 ->  Sort  (cost=334043.71..335505.61 rows=584759 width=8) (actual time=2896.568..3061.585 rows=574375 loops=1)
                                       Sort Key: orders.o_orderkey
                                       Sort Method: quicksort  Memory: 51500kB
                                       Buffers: shared hit=224666 read=7940
                                       ->  Bitmap Heap Scan on orders  (cost=12699.77..278031.16 rows=584759 width=8) (actual time=422.571..2588.925 rows=574375 loops=1)
                                             Recheck Cond: ((o_orderdate >= '1993-06-01'::date) AND (o_orderdate < '1993-09-01'::date))
                                             Buffers: shared hit=224666 read=7940
                                             ->  Bitmap Index Scan on orders_o_orderdate_o_orderkey_idx  (cost=0.00..12553.58 rows=584759 width=0) (actual time=336.814..336.814 rows=581181 loops=1)
                                                   Index Cond: ((o_orderdate >= '1993-06-01'::date) AND (o_orderdate < '1993-09-01'::date))
                                                   Buffers: shared read=1664
                                 ->  Index Scan using lineitem_l_orderkey_idx_l_returnflag on lineitem  (cost=0.00..694286.39 rows=15023570 width=12) (actual time=0.156..18493.695 rows=14822648 loops=1)
                                       Buffers: shared hit=270047 read=895232 dirtied=223 written=61
                           ->  Hash  (cost=50278.00..50278.00 rows=1500000 width=145) (actual time=3099.343..3099.343 rows=1500000 loops=1)
                                 Buckets: 262144  Batches: 1  Memory Usage: 265117kB
                                 Buffers: shared hit=2 read=35276
                                 ->  Seq Scan on customer  (cost=0.00..50278.00 rows=1500000 width=145) (actual time=0.012..1325.449 rows=1500000 loops=1)
                                       Buffers: shared hit=2 read=35276
                     ->  Hash  (cost=1.25..1.25 rows=25 width=30) (actual time=0.030..0.030 rows=25 loops=1)
                           Buckets: 1024  Batches: 1  Memory Usage: 2kB
                           Buffers: shared hit=1
                           ->  Seq Scan on nation  (cost=0.00..1.25 rows=25 width=30) (actual time=0.017..0.020 rows=25 loops=1)
                                 Buffers: shared hit=1
 Total runtime: 35469.172 ms
(40 rows)

COMMIT;
COMMIT
