BEGIN;
BEGIN
EXPLAIN (ANALYZE, BUFFERS)
select
	s_name,
	s_address
from
	supplier,
	nation
where
	s_suppkey in (
		select
			distinct (ps_suppkey)
		from
			partsupp,
			part
		where
			ps_partkey=p_partkey
			and p_name like 'lace%'
			and ps_availqty > (
				select
					0.5 * sum(l_quantity)
				from
					lineitem
				where
					l_partkey = ps_partkey
					and l_suppkey = ps_suppkey
					and l_shipdate >= '1996-01-01'
					and l_shipdate < cast(date '1996-01-01' + interval '1 year' as date)
			)
	)
	and s_nationkey = n_nationkey
	and n_name = 'MOROCCO'
order by
	s_name;
                                                                                                  QUERY PLAN                                                                                                   
---------------------------------------------------------------------------------------------------------------------------------------------------------------------------------------------------------------
 Sort  (cost=12740736.73..12740739.65 rows=1168 width=51) (actual time=14580.107..14580.231 rows=1792 loops=1)
   Sort Key: supplier.s_name
   Sort Method: quicksort  Memory: 257kB
   Buffers: shared hit=2701785 read=419291 dirtied=4931 written=50354
   ->  Nested Loop  (cost=12736272.49..12740677.22 rows=1168 width=51) (actual time=14395.758..14564.665 rows=1792 loops=1)
         Join Filter: (supplier.s_nationkey = nation.n_nationkey)
         Rows Removed by Join Filter: 42948
         Buffers: shared hit=2701780 read=419291 dirtied=4931 written=50354
         ->  Seq Scan on nation  (cost=0.00..1.31 rows=1 width=4) (actual time=0.014..0.021 rows=1 loops=1)
               Filter: (n_name = 'MOROCCO'::bpchar)
               Rows Removed by Filter: 24
               Buffers: shared hit=1
         ->  Hash Semi Join  (cost=12736272.49..12740310.92 rows=29199 width=55) (actual time=14395.694..14558.991 rows=44740 loops=1)
               Hash Cond: (supplier.s_suppkey = partsupp.ps_suppkey)
               Buffers: shared hit=2701779 read=419291 dirtied=4931 written=50354
               ->  Seq Scan on supplier  (cost=0.00..3179.00 rows=100000 width=59) (actual time=0.018..34.720 rows=100000 loops=1)
                     Buffers: shared hit=2179
               ->  Hash  (cost=12735907.50..12735907.50 rows=29199 width=4) (actual time=14395.627..14395.627 rows=44740 loops=1)
                     Buckets: 4096  Batches: 1  Memory Usage: 1573kB
                     Buffers: shared hit=2699600 read=419291 dirtied=4931 written=50354
                     ->  HashAggregate  (cost=12735323.52..12735615.51 rows=29199 width=4) (actual time=14348.056..14378.009 rows=44740 loops=1)
                           Buffers: shared hit=2699600 read=419291 dirtied=4931 written=50354
                           ->  Nested Loop  (cost=0.00..12735250.53 rows=29199 width=4) (actual time=0.782..14233.965 rows=59144 loops=1)
                                 Buffers: shared hit=2699600 read=419291 dirtied=4931 written=50354
                                 ->  Seq Scan on part  (cost=0.00..65522.00 rows=22022 width=4) (actual time=0.043..1215.106 rows=21785 loops=1)
                                       Filter: ((p_name)::text ~~ 'lace%'::text)
                                       Rows Removed by Filter: 1978215
                                       Buffers: shared hit=5614 read=34908 written=4689
                                 ->  Index Scan using pk_partsupp on partsupp  (cost=0.00..575.31 rows=1 width=8) (actual time=0.482..0.595 rows=3 loops=21785)
                                       Index Cond: (ps_partkey = part.p_partkey)
                                       Filter: ((ps_availqty)::double precision > (SubPlan 1))
                                       Rows Removed by Filter: 1
                                       Buffers: shared hit=2693986 read=384383 dirtied=4931 written=45665
                                       SubPlan 1
                                         ->  Aggregate  (cost=140.92..140.94 rows=1 width=4) (actual time=0.137..0.137 rows=1 loops=87140)
                                               Buffers: shared hit=2633432 read=354919 dirtied=4931 written=41497
                                               ->  Index Scan using lineitem_l_partkey_l_quantity_l_shipmode_idx on lineitem  (cost=0.00..140.92 rows=1 width=4) (actual time=0.085..0.135 rows=1 loops=87140)
                                                     Index Cond: (l_partkey = partsupp.ps_partkey)
                                                     Filter: ((l_shipdate >= '1996-01-01'::date) AND (l_shipdate < '1997-01-01'::date) AND (l_suppkey = partsupp.ps_suppkey))
                                                     Rows Removed by Filter: 29
                                                     Buffers: shared hit=2633432 read=354919 dirtied=4931 written=41497
 Total runtime: 14581.748 ms
(42 rows)

COMMIT;
COMMIT
