BEGIN;
BEGIN
EXPLAIN (ANALYZE, BUFFERS)
select
	s_name,
	s_address
from
	supplier,
	nation
where
	s_suppkey in (
		select
			distinct (ps_suppkey)
		from
			partsupp,
			part
		where
			ps_partkey=p_partkey
			and p_name like 'peru%'
			and ps_availqty > (
				select
					0.5 * sum(l_quantity)
				from
					lineitem
				where
					l_partkey = ps_partkey
					and l_suppkey = ps_suppkey
					and l_shipdate >= '1997-01-01'
					and l_shipdate < cast(date '1997-01-01' + interval '1 year' as date)
			)
	)
	and s_nationkey = n_nationkey
	and n_name = 'INDONESIA'
order by
	s_name;
                                                                                                  QUERY PLAN                                                                                                   
---------------------------------------------------------------------------------------------------------------------------------------------------------------------------------------------------------------
 Sort  (cost=12740736.73..12740739.65 rows=1168 width=51) (actual time=11931.780..11931.892 rows=1766 loops=1)
   Sort Key: supplier.s_name
   Sort Method: quicksort  Memory: 255kB
   Buffers: shared hit=2712702 read=410327 dirtied=4109 written=61027
   ->  Nested Loop  (cost=12736272.49..12740677.22 rows=1168 width=51) (actual time=11819.053..11922.101 rows=1766 loops=1)
         Join Filter: (supplier.s_nationkey = nation.n_nationkey)
         Rows Removed by Join Filter: 42967
         Buffers: shared hit=2712697 read=410327 dirtied=4109 written=61027
         ->  Seq Scan on nation  (cost=0.00..1.31 rows=1 width=4) (actual time=0.016..0.024 rows=1 loops=1)
               Filter: (n_name = 'INDONESIA'::bpchar)
               Rows Removed by Filter: 24
               Buffers: shared hit=1
         ->  Hash Semi Join  (cost=12736272.49..12740310.92 rows=29199 width=55) (actual time=11818.999..11917.352 rows=44733 loops=1)
               Hash Cond: (supplier.s_suppkey = partsupp.ps_suppkey)
               Buffers: shared hit=2712696 read=410327 dirtied=4109 written=61027
               ->  Seq Scan on supplier  (cost=0.00..3179.00 rows=100000 width=59) (actual time=0.025..28.352 rows=100000 loops=1)
                     Buffers: shared hit=2179
               ->  Hash  (cost=12735907.50..12735907.50 rows=29199 width=4) (actual time=11818.915..11818.915 rows=44733 loops=1)
                     Buckets: 4096  Batches: 1  Memory Usage: 1573kB
                     Buffers: shared hit=2710517 read=410327 dirtied=4109 written=61027
                     ->  HashAggregate  (cost=12735323.52..12735615.51 rows=29199 width=4) (actual time=11787.213..11809.628 rows=44733 loops=1)
                           Buffers: shared hit=2710517 read=410327 dirtied=4109 written=61027
                           ->  Nested Loop  (cost=0.00..12735250.53 rows=29199 width=4) (actual time=1.185..11695.172 rows=59214 loops=1)
                                 Buffers: shared hit=2710517 read=410327 dirtied=4109 written=61027
                                 ->  Seq Scan on part  (cost=0.00..65522.00 rows=22022 width=4) (actual time=0.124..809.629 rows=21813 loops=1)
                                       Filter: ((p_name)::text ~~ 'peru%'::text)
                                       Rows Removed by Filter: 1978187
                                       Buffers: shared hit=22579 read=17943 written=1242
                                 ->  Index Scan using pk_partsupp on partsupp  (cost=0.00..575.31 rows=1 width=8) (actual time=0.414..0.497 rows=3 loops=21813)
                                       Index Cond: (ps_partkey = part.p_partkey)
                                       Filter: ((ps_availqty)::double precision > (SubPlan 1))
                                       Rows Removed by Filter: 1
                                       Buffers: shared hit=2687938 read=392384 dirtied=4109 written=59785
                                       SubPlan 1
                                         ->  Aggregate  (cost=140.92..140.94 rows=1 width=4) (actual time=0.117..0.117 rows=1 loops=87252)
                                               Buffers: shared hit=2610075 read=380129 dirtied=4109 written=58100
                                               ->  Index Scan using lineitem_l_partkey_l_quantity_l_shipmode_idx on lineitem  (cost=0.00..140.92 rows=1 width=4) (actual time=0.072..0.115 rows=1 loops=87252)
                                                     Index Cond: (l_partkey = partsupp.ps_partkey)
                                                     Filter: ((l_shipdate >= '1997-01-01'::date) AND (l_shipdate < '1998-01-01'::date) AND (l_suppkey = partsupp.ps_suppkey))
                                                     Rows Removed by Filter: 29
                                                     Buffers: shared hit=2610075 read=380129 dirtied=4109 written=58100
 Total runtime: 11933.421 ms
(42 rows)

COMMIT;
COMMIT
