BEGIN;
BEGIN
EXPLAIN (ANALYZE, BUFFERS)
select
	sum(l_extendedprice* (1 - l_discount)) as revenue
from
	lineitem,
	part
where
	(
		p_partkey = l_partkey
		and p_brand = 'Brand#12'
		and p_container in ('SM CASE', 'SM BOX', 'SM PACK', 'SM PKG')
		and l_quantity >= 8 and l_quantity <= 8+10
		and p_size between 1 and 5
		and l_shipmode in ('AIR', 'AIR REG')
		and l_shipinstruct = 'DELIVER IN PERSON'
	)
	or
	(
		p_partkey = l_partkey
		and p_brand = 'Brand#15'
		and p_container in ('MED BAG', 'MED BOX', 'MED PKG', 'MED PACK')
		and l_quantity >= 19 and l_quantity <= 19+10
		and p_size between 1 and 10
		and l_shipmode in ('AIR', 'AIR REG')
		and l_shipinstruct = 'DELIVER IN PERSON'
	)
	or
	(
		p_partkey = l_partkey
		and p_brand = 'Brand#55'
		and p_container in ('LG CASE', 'LG BOX', 'LG PACK', 'LG PKG')
		and l_quantity >= 21 and l_quantity <= 21+10
		and p_size between 1 and 15
		and l_shipmode in ('AIR', 'AIR REG')
		and l_shipinstruct = 'DELIVER IN PERSON'
	);
                                                                                                                                                                                                                                                                                                                                                                                                                                                                                                                                                                                                       QUERY PLAN                                                                                                                                                                                                                                                                                                                                                                                                                                                                                                                                                                                                       
------------------------------------------------------------------------------------------------------------------------------------------------------------------------------------------------------------------------------------------------------------------------------------------------------------------------------------------------------------------------------------------------------------------------------------------------------------------------------------------------------------------------------------------------------------------------------------------------------------------------------------------------------------------------------------------------------------------------------------------------------------------------------------------------------------------------------------------------------------------------------------------------------------------------------------------------------------------------------------------------------------------------------------------------------------------------------------------------------------------------------------------------------------------------------------------------------------------------
 Aggregate  (cost=417785.21..417785.22 rows=1 width=8) (actual time=1741.673..1741.673 rows=1 loops=1)
   Buffers: shared hit=94664 read=46768 dirtied=291
   ->  Nested Loop  (cost=13457.68..417777.54 rows=1023 width=8) (actual time=266.474..1739.894 rows=1138 loops=1)
         Buffers: shared hit=94664 read=46768 dirtied=291
         ->  Bitmap Heap Scan on part  (cost=13457.68..37527.75 rows=10337 width=30) (actual time=265.804..476.004 rows=10338 loops=1)
               Recheck Cond: (((p_container = ANY ('{"SM CASE","SM BOX","SM PACK","SM PKG"}'::bpchar[])) AND (p_brand = 'Brand#12'::bpchar) AND (p_size <= 5) AND (p_size >= 1)) OR ((p_container = ANY ('{"MED BAG","MED BOX","MED PKG","MED PACK"}'::bpchar[])) AND (p_brand = 'Brand#15'::bpchar) AND (p_size <= 10) AND (p_size >= 1)) OR ((p_container = ANY ('{"LG CASE","LG BOX","LG PACK","LG PKG"}'::bpchar[])) AND (p_brand = 'Brand#55'::bpchar)))
               Filter: (p_size >= 1)
               Buffers: shared hit=561 read=10375
               ->  BitmapOr  (cost=13457.68..13457.68 rows=10347 width=0) (actual time=263.150..263.150 rows=0 loops=1)
                     Buffers: shared hit=561 read=1264
                     ->  BitmapAnd  (cost=4491.38..4491.38 rows=798 width=0) (actual time=86.164..86.164 rows=0 loops=1)
                           Buffers: shared hit=4 read=606
                           ->  Bitmap Index Scan on part_p_container_p_brand_p_partkey_idx  (cost=0.00..289.29 rows=7980 width=0) (actual time=7.497..7.497 rows=7928 loops=1)
                                 Index Cond: ((p_container = ANY ('{"SM CASE","SM BOX","SM PACK","SM PKG"}'::bpchar[])) AND (p_brand = 'Brand#12'::bpchar))
                                 Buffers: shared hit=3 read=58
                           ->  Bitmap Index Scan on part_p_size_idx  (cost=0.00..4196.67 rows=200020 width=0) (actual time=75.457..75.457 rows=199678 loops=1)
                                 Index Cond: ((p_size <= 5) AND (p_size >= 1))
                                 Buffers: shared hit=1 read=548
                     ->  BitmapAnd  (cost=8674.54..8674.54 rows=1605 width=0) (actual time=170.101..170.101 rows=0 loops=1)
                           Buffers: shared hit=552 read=603
                           ->  Bitmap Index Scan on part_p_container_p_brand_p_partkey_idx  (cost=0.00..289.85 rows=8036 width=0) (actual time=5.650..5.650 rows=8159 loops=1)
                                 Index Cond: ((p_container = ANY ('{"MED BAG","MED BOX","MED PKG","MED PACK"}'::bpchar[])) AND (p_brand = 'Brand#15'::bpchar))
                                 Buffers: shared hit=4 read=57
                           ->  Bitmap Index Scan on part_p_size_idx  (cost=0.00..8379.27 rows=399480 width=0) (actual time=158.810..158.810 rows=399409 loops=1)
                                 Index Cond: ((p_size <= 10) AND (p_size >= 1))
                                 Buffers: shared hit=548 read=546
                     ->  Bitmap Index Scan on part_p_container_p_brand_p_partkey_idx  (cost=0.00..288.93 rows=7944 width=0) (actual time=6.220..6.220 rows=7979 loops=1)
                           Index Cond: ((p_container = ANY ('{"LG CASE","LG BOX","LG PACK","LG PKG"}'::bpchar[])) AND (p_brand = 'Brand#55'::bpchar))
                           Buffers: shared hit=5 read=55
         ->  Index Scan using lineitem_l_partkey_l_quantity_l_shipmode_idx on lineitem  (cost=0.00..36.78 rows=1 width=16) (actual time=0.111..0.116 rows=0 loops=10338)
               Index Cond: ((l_partkey = part.p_partkey) AND (l_shipmode = ANY ('{AIR,"AIR REG"}'::bpchar[])))
               Filter: ((l_shipinstruct = 'DELIVER IN PERSON'::bpchar) AND (((l_quantity >= 8::double precision) AND (l_quantity <= 18::double precision) AND (l_shipmode = ANY ('{AIR,"AIR REG"}'::bpchar[]))) OR ((l_quantity >= 19::double precision) AND (l_quantity <= 29::double precision) AND (l_shipmode = ANY ('{AIR,"AIR REG"}'::bpchar[]))) OR ((l_quantity >= 21::double precision) AND (l_quantity <= 31::double precision) AND (l_shipmode = ANY ('{AIR,"AIR REG"}'::bpchar[])))) AND (((part.p_brand = 'Brand#12'::bpchar) AND (part.p_container = ANY ('{"SM CASE","SM BOX","SM PACK","SM PKG"}'::bpchar[])) AND (l_quantity >= 8::double precision) AND (l_quantity <= 18::double precision) AND (part.p_size <= 5)) OR ((part.p_brand = 'Brand#15'::bpchar) AND (part.p_container = ANY ('{"MED BAG","MED BOX","MED PKG","MED PACK"}'::bpchar[])) AND (l_quantity >= 19::double precision) AND (l_quantity <= 29::double precision) AND (part.p_size <= 10)) OR ((part.p_brand = 'Brand#55'::bpchar) AND (part.p_container = ANY ('{"LG CASE","LG BOX","LG PACK","LG PKG"}'::bpchar[])) AND (l_quantity >= 21::double precision) AND (l_quantity <= 31::double precision) AND (part.p_size <= 15))))
               Rows Removed by Filter: 4
               Buffers: shared hit=94103 read=36393 dirtied=291
 Total runtime: 1742.317 ms
(35 rows)

COMMIT;
COMMIT
