BEGIN;
BEGIN
EXPLAIN (ANALYZE, BUFFERS)
select
	supp_nation,
	cust_nation,
	l_year,
	sum(volume) as revenue
from
	(
		select
			n1.n_name as supp_nation,
			n2.n_name as cust_nation,
			extract(year from l_shipdate) as l_year,
			l_extendedprice * (1 - l_discount) as volume
		from
			supplier,
			lineitem,
			orders,
			customer,
			nation n1,
			nation n2
		where
			s_suppkey = l_suppkey
			and o_orderkey = l_orderkey
			and c_custkey = o_custkey
			and s_nationkey = n1.n_nationkey
			and c_nationkey = n2.n_nationkey
			and (
				(n1.n_name = 'CANADA' and n2.n_name = 'PERU')
				or (n1.n_name = 'PERU' and n2.n_name = 'CANADA')
			)
			and l_shipdate between date '1995-01-01' and date '1996-12-31'
	) as shipping
group by
	supp_nation,
	cust_nation,
	l_year
order by
	supp_nation,
	cust_nation,
	l_year;
                                                                                               QUERY PLAN                                                                                                
---------------------------------------------------------------------------------------------------------------------------------------------------------------------------------------------------------
 GroupAggregate  (cost=2379763.07..2381684.95 rows=59135 width=64) (actual time=85398.029..85427.940 rows=4 loops=1)
   Buffers: shared hit=540818 read=901761 written=818
   ->  Sort  (cost=2379763.07..2379910.90 rows=59135 width=64) (actual time=85387.234..85394.122 rows=58033 loops=1)
         Sort Key: n1.n_name, n2.n_name, (date_part('year'::text, (lineitem.l_shipdate)::timestamp without time zone))
         Sort Method: quicksort  Memory: 9697kB
         Buffers: shared hit=540818 read=901761 written=818
         ->  Hash Join  (cost=903380.65..2375076.11 rows=59135 width=64) (actual time=44429.553..85094.361 rows=58033 loops=1)
               Hash Cond: ((lineitem.l_suppkey = supplier.s_suppkey) AND (n1.n_nationkey = supplier.s_nationkey))
               Buffers: shared hit=540810 read=901761 written=818
               ->  Hash Join  (cost=898701.65..2339910.56 rows=1479976 width=72) (actual time=44310.830..82137.137 rows=1444665 loops=1)
                     Hash Cond: (lineitem.l_orderkey = orders.o_orderkey)
                     Buffers: shared hit=538628 read=901761 written=818
                     ->  Bitmap Heap Scan on lineitem  (cost=390244.61..1747224.33 rows=18514515 width=20) (actual time=15240.331..32197.041 rows=18246498 loops=1)
                           Recheck Cond: ((l_shipdate >= '1995-01-01'::date) AND (l_shipdate <= '1996-12-31'::date))
                           Buffers: shared hit=265714 read=859741 written=818
                           ->  Bitmap Index Scan on lineitem_l_shipdate_l_suppkey__idx  (cost=0.00..385615.98 rows=18514515 width=0) (actual time=14496.874..14496.874 rows=18466690 loops=1)
                                 Index Cond: ((l_shipdate >= '1995-01-01'::date) AND (l_shipdate <= '1996-12-31'::date))
                                 Buffers: shared hit=3 read=49812 written=561
                     ->  Hash  (cost=493274.29..493274.29 rows=1214620 width=60) (actual time=29069.568..29069.568 rows=1191606 loops=1)
                           Buckets: 131072  Batches: 1  Memory Usage: 107059kB
                           Buffers: shared hit=272914 read=42020
                           ->  Hash Join  (cost=15638.06..493274.29 rows=1214620 width=60) (actual time=794.646..27803.911 rows=1191606 loops=1)
                                 Hash Cond: (orders.o_custkey = customer.c_custkey)
                                 Buffers: shared hit=272914 read=42020
                                 ->  Seq Scan on orders  (cost=0.00..408509.11 rows=15194911 width=8) (actual time=0.019..5453.977 rows=15015000 loops=1)
                                       Buffers: shared hit=236136 read=20424
                                 ->  Hash  (cost=14139.26..14139.26 rows=119904 width=60) (actual time=794.465..794.465 rows=119637 loops=1)
                                       Buckets: 16384  Batches: 1  Memory Usage: 10749kB
                                       Buffers: shared hit=36778 read=21596
                                       ->  Nested Loop  (cost=905.09..14139.26 rows=119904 width=60) (actual time=19.531..708.478 rows=119637 loops=1)
                                             Buffers: shared hit=36778 read=21596
                                             ->  Nested Loop  (cost=0.00..28.00 rows=2 width=60) (actual time=0.117..0.374 rows=2 loops=1)
                                                   Join Filter: (((n1.n_name = 'CANADA'::bpchar) AND (n2.n_name = 'PERU'::bpchar)) OR ((n1.n_name = 'PERU'::bpchar) AND (n2.n_name = 'CANADA'::bpchar)))
                                                   Rows Removed by Join Filter: 623
                                                   Buffers: shared hit=3
                                                   ->  Index Scan using pk_nation on nation n1  (cost=0.00..12.63 rows=25 width=30) (actual time=0.024..0.043 rows=25 loops=1)
                                                         Buffers: shared hit=2
                                                   ->  Materialize  (cost=0.00..1.38 rows=25 width=30) (actual time=0.001..0.003 rows=25 loops=25)
                                                         Buffers: shared hit=1
                                                         ->  Seq Scan on nation n2  (cost=0.00..1.25 rows=25 width=30) (actual time=0.007..0.011 rows=25 loops=1)
                                                               Buffers: shared hit=1
                                             ->  Bitmap Heap Scan on customer  (cost=905.09..6455.63 rows=60000 width=8) (actual time=20.253..334.674 rows=59818 loops=2)
                                                   Recheck Cond: (c_nationkey = n2.n_nationkey)
                                                   Buffers: shared hit=36775 read=21596
                                                   ->  Bitmap Index Scan on customer_c_nationkey_c_custkey_idx  (cost=0.00..890.09 rows=60000 width=0) (actual time=13.450..13.450 rows=59818 loops=2)
                                                         Index Cond: (c_nationkey = n2.n_nationkey)
                                                         Buffers: shared hit=2 read=331
               ->  Hash  (cost=3179.00..3179.00 rows=100000 width=8) (actual time=118.041..118.041 rows=100000 loops=1)
                     Buckets: 16384  Batches: 1  Memory Usage: 3907kB
                     Buffers: shared hit=2179
                     ->  Seq Scan on supplier  (cost=0.00..3179.00 rows=100000 width=8) (actual time=0.008..70.774 rows=100000 loops=1)
                           Buffers: shared hit=2179
 Total runtime: 85468.817 ms
(53 rows)

COMMIT;
COMMIT
